2024-05-22 10:26:36,124 WARNING: Temps de réponse élevé: 4.645428419113159s pour la route / [in C:\Users\bbakouzou\Documents\Dossier stage\E5\Resolution_rennes_traffic_ko\app.py:93]
2024-05-22 10:27:09,221 WARNING: Temps de réponse élevé: 2.971595287322998s pour la route /dashboard/api/deploy_details [in C:\Users\bbakouzou\Documents\Dossier stage\E5\Resolution_rennes_traffic_ko\app.py:93]
2024-05-22 10:27:09,604 WARNING: Temps de réponse élevé: 3.5081820487976074s pour la route /dashboard/api/overview [in C:\Users\bbakouzou\Documents\Dossier stage\E5\Resolution_rennes_traffic_ko\app.py:93]
2024-05-24 09:54:56,748 WARNING: Temps de réponse des prédictions élevé: 2.8880248069763184s [in C:\Users\bbakouzou\Documents\Dossier stage\E5\Resolution_rennes_traffic_ko\app.py:176]
2024-05-24 09:58:02,723 WARNING: Utilisation du CPU élevée: 75.0% [in C:\Users\bbakouzou\Documents\Dossier stage\E5\Resolution_rennes_traffic_ko\app.py:104]
2024-05-24 09:58:02,762 WARNING: Utilisation du CPU élevée: 100.0% [in C:\Users\bbakouzou\Documents\Dossier stage\E5\Resolution_rennes_traffic_ko\app.py:104]
2024-05-24 09:58:02,912 WARNING: Utilisation du CPU élevée: 76.5% [in C:\Users\bbakouzou\Documents\Dossier stage\E5\Resolution_rennes_traffic_ko\app.py:104]
2024-05-24 10:09:01,696 WARNING: Utilisation du CPU élevée: 87.5% [in C:\Users\bbakouzou\Documents\Dossier stage\E5\Resolution_rennes_traffic_ko\app.py:104]
2024-05-24 10:09:01,742 WARNING: Utilisation du CPU élevée: 92.3% [in C:\Users\bbakouzou\Documents\Dossier stage\E5\Resolution_rennes_traffic_ko\app.py:104]
2024-05-24 10:09:02,377 WARNING: Utilisation du CPU élevée: 100.0% [in C:\Users\bbakouzou\Documents\Dossier stage\E5\Resolution_rennes_traffic_ko\app.py:104]
2024-05-24 10:09:02,560 WARNING: Utilisation du CPU élevée: 96.2% [in C:\Users\bbakouzou\Documents\Dossier stage\E5\Resolution_rennes_traffic_ko\app.py:104]
2024-05-24 10:09:02,886 WARNING: Utilisation du CPU élevée: 76.2% [in C:\Users\bbakouzou\Documents\Dossier stage\E5\Resolution_rennes_traffic_ko\app.py:104]
2024-05-24 10:09:09,535 WARNING: Utilisation du CPU élevée: 75.0% [in C:\Users\bbakouzou\Documents\Dossier stage\E5\Resolution_rennes_traffic_ko\app.py:104]
2024-05-24 10:09:30,506 WARNING: Utilisation du CPU élevée: 100.0% [in C:\Users\bbakouzou\Documents\Dossier stage\E5\Resolution_rennes_traffic_ko\app.py:104]
2024-05-24 10:10:17,230 WARNING: Utilisation du CPU élevée: 100.0% [in C:\Users\bbakouzou\Documents\Dossier stage\E5\Resolution_rennes_traffic_ko\app.py:104]
2024-05-24 10:10:19,178 WARNING: Utilisation du CPU élevée: 88.9% [in C:\Users\bbakouzou\Documents\Dossier stage\E5\Resolution_rennes_traffic_ko\app.py:104]
2024-05-24 10:10:19,190 WARNING: Utilisation du CPU élevée: 100.0% [in C:\Users\bbakouzou\Documents\Dossier stage\E5\Resolution_rennes_traffic_ko\app.py:104]
2024-05-24 15:33:14,092 ERROR: Erreur lors de la récupération des données de l'API: HTTPSConnectionPool(host='data.rennesmetropole.fr', port=443): Max retries exceeded with url: /api/explore/v2.1/catalog/datasets/etat-du-trafic-en-temps-reel/exports/json?lang=fr&timezone=Europe%2FBerlin&use_labels=true&delimiter=%3B (Caused by ConnectTimeoutError(<urllib3.connection.HTTPSConnection object at 0x000002A570963210>, 'Connection to data.rennesmetropole.fr timed out. (connect timeout=5)')) [in C:\Users\bbakouzou\Documents\Dossier stage\E5\Resolution_rennes_traffic_ko\src\get_data.py:21]
2024-05-24 15:33:14,092 ERROR: Erreur lors de la récupération des données de l'API: HTTPSConnectionPool(host='data.rennesmetropole.fr', port=443): Max retries exceeded with url: /api/explore/v2.1/catalog/datasets/etat-du-trafic-en-temps-reel/exports/json?lang=fr&timezone=Europe%2FBerlin&use_labels=true&delimiter=%3B (Caused by ConnectTimeoutError(<urllib3.connection.HTTPSConnection object at 0x000002A570963210>, 'Connection to data.rennesmetropole.fr timed out. (connect timeout=5)')) [in C:\Users\bbakouzou\Documents\Dossier stage\E5\Resolution_rennes_traffic_ko\src\get_data.py:21]
2024-05-27 14:10:29,567 ERROR: Erreur lors de la récupération des données de l'API: HTTPSConnectionPool(host='data.rennesmetropole.fr', port=443): Max retries exceeded with url: /api/explore/v2.1/catalog/datasets/etat-du-trafic-en-temps-reel/exports/json?lang=fr&timezone=Europe%2FBerlin&use_labels=true&delimiter=%3B (Caused by ConnectTimeoutError(<urllib3.connection.HTTPSConnection object at 0x00000226A622E0D0>, 'Connection to data.rennesmetropole.fr timed out. (connect timeout=5)')) [in C:\Users\bbakouzou\Documents\Dossier stage\E5\Resolution_rennes_traffic_ko\src\get_data.py:21]
2024-05-27 15:25:46,817 WARNING: Temps de réponse élevé: 5.999212265014648s pour la route / [in C:\Users\bbakouzou\Documents\Dossier stage\E5\Resolution_rennes_traffic_ko\app.py:104]
2024-05-27 15:25:47,454 ERROR: Erreur HTTP 404 pour la route /static/favicon.ico [in C:\Users\bbakouzou\Documents\Dossier stage\E5\Resolution_rennes_traffic_ko\app.py:108]
2024-05-27 15:26:46,025 WARNING: Temps de réponse des prédictions élevé: 6.242090702056885s [in C:\Users\bbakouzou\Documents\Dossier stage\E5\Resolution_rennes_traffic_ko\app.py:152]
2024-05-27 15:26:46,030 WARNING: Temps de réponse élevé: 6.249629974365234s pour la route / [in C:\Users\bbakouzou\Documents\Dossier stage\E5\Resolution_rennes_traffic_ko\app.py:104]
2024-05-27 15:34:11,950 WARNING: Temps de réponse élevé: 5.974609851837158s pour la route /dashboard/api/deploy_details [in C:\Users\bbakouzou\Documents\Dossier stage\E5\Resolution_rennes_traffic_ko\app.py:104]
2024-05-27 15:34:13,489 WARNING: Temps de réponse élevé: 7.50619912147522s pour la route /dashboard/api/overview [in C:\Users\bbakouzou\Documents\Dossier stage\E5\Resolution_rennes_traffic_ko\app.py:104]
